Removed Pin From Net: NetName=+3V3 Pin=JP1-1
Removed Pin From Net: NetName=GND Pin=JP1-2
Removed Member From Class: ClassName=[06] - STM Member=JP1
Change component parameters: Designator = "C15" ("C15"); Footprint = "CAP_0603"; UniqueID = "\ZQGZUTUX" ("\ZQGZUTUX")
Change component parameters (AddParameter): Name = ""; Value = ""; VariantName = "[No Variations]"
Change component parameters (AddParameter): Name = "Capacitance"; Value = "22pF"; VariantName = "[No Variations]"
Change component parameters (AddParameter): Name = "Capacitance Tolerance"; Value = "+/-10%"; VariantName = "[No Variations]"
Change component parameters (AddParameter): Name = "ComponentLink1Description"; Value = "Manufacturer"; VariantName = "[No Variations]"
Change component parameters (AddParameter): Name = "ComponentLink1URL"; Value = "Thegioiic"; VariantName = "[No Variations]"
Change component parameters (AddParameter): Name = "ComponentLink2Description"; Value = "Datasheet"; VariantName = "[No Variations]"
Change component parameters (AddParameter): Name = "ComponentLink2URL"; Value = ""; VariantName = "[No Variations]"
Change component parameters (AddParameter): Name = "Height"; Value = ""; VariantName = "[No Variations]"
Change component parameters (AddParameter): Name = "Mounting Technology"; Value = "SMT"; VariantName = "[No Variations]"
Change component parameters (AddParameter): Name = "Operating Temperature"; Value = "-55 to +125degC"; VariantName = "[No Variations]"
Change component parameters (AddParameter): Name = "Packaging"; Value = "Tape and Reel"; VariantName = "[No Variations]"
Change component parameters (AddParameter): Name = "Size"; Value = "0603"; VariantName = "[No Variations]"
Change component parameters (AddParameter): Name = "Supply 1 name"; Value = ""; VariantName = "[No Variations]"
Change component parameters (AddParameter): Name = "Supply 1 SN"; Value = ""; VariantName = "[No Variations]"
Change component parameters (AddParameter): Name = "Supply 1 URL"; Value = ""; VariantName = "[No Variations]"
Change component parameters (AddParameter): Name = "Supply 2 name"; Value = "Thegioiic"; VariantName = "[No Variations]"
Change component parameters (AddParameter): Name = "Supply 2 SN"; Value = ""; VariantName = "[No Variations]"
Change component parameters (AddParameter): Name = "Supply 2 URL"; Value = "https://www.thegioiic.com/tu-gom-0603-22pf-50v"; VariantName = "[No Variations]"
Change component parameters (AddParameter): Name = "Technical Reference"; Value = ""; VariantName = "[No Variations]"
Change component parameters: Designator = "C16" ("C16"); Footprint = "CAP_0603"; UniqueID = "\EVMVVIWI" ("\EVMVVIWI")
Change component parameters (AddParameter): Name = ""; Value = ""; VariantName = "[No Variations]"
Change component parameters (AddParameter): Name = "Capacitance"; Value = "22pF"; VariantName = "[No Variations]"
Change component parameters (AddParameter): Name = "Capacitance Tolerance"; Value = "+/-10%"; VariantName = "[No Variations]"
Change component parameters (AddParameter): Name = "ComponentLink1Description"; Value = "Manufacturer"; VariantName = "[No Variations]"
Change component parameters (AddParameter): Name = "ComponentLink1URL"; Value = "Thegioiic"; VariantName = "[No Variations]"
Change component parameters (AddParameter): Name = "ComponentLink2Description"; Value = "Datasheet"; VariantName = "[No Variations]"
Change component parameters (AddParameter): Name = "ComponentLink2URL"; Value = ""; VariantName = "[No Variations]"
Change component parameters (AddParameter): Name = "Height"; Value = ""; VariantName = "[No Variations]"
Change component parameters (AddParameter): Name = "Mounting Technology"; Value = "SMT"; VariantName = "[No Variations]"
Change component parameters (AddParameter): Name = "Operating Temperature"; Value = "-55 to +125degC"; VariantName = "[No Variations]"
Change component parameters (AddParameter): Name = "Packaging"; Value = "Tape and Reel"; VariantName = "[No Variations]"
Change component parameters (AddParameter): Name = "Size"; Value = "0603"; VariantName = "[No Variations]"
Change component parameters (AddParameter): Name = "Supply 1 name"; Value = ""; VariantName = "[No Variations]"
Change component parameters (AddParameter): Name = "Supply 1 SN"; Value = ""; VariantName = "[No Variations]"
Change component parameters (AddParameter): Name = "Supply 1 URL"; Value = ""; VariantName = "[No Variations]"
Change component parameters (AddParameter): Name = "Supply 2 name"; Value = "Thegioiic"; VariantName = "[No Variations]"
Change component parameters (AddParameter): Name = "Supply 2 SN"; Value = ""; VariantName = "[No Variations]"
Change component parameters (AddParameter): Name = "Supply 2 URL"; Value = "https://www.thegioiic.com/tu-gom-0603-22pf-50v"; VariantName = "[No Variations]"
Change component parameters (AddParameter): Name = "Technical Reference"; Value = ""; VariantName = "[No Variations]"
Added Component: Designator=JP?(JP 1X6 DT)
Add component (AddParameter): Name = "Chung_Loai"; Value = "C?m"; VariantName = "[No Variations]"
Add component (AddParameter): Name = "Don_Vi"; Value = "Con"; VariantName = "[No Variations]"
Add component (AddParameter): Name = "Ghi_Chu"; Value = ""; VariantName = "[No Variations]"
Add component (AddParameter): Name = "Kieu_Chan"; Value = ""; VariantName = "[No Variations]"
Add component (AddParameter): Name = "Ma_Hang"; Value = "MH000904"; VariantName = "[No Variations]"
Add component (AddParameter): Name = "Ten_Linh_Kien"; Value = "Jump Ðon Ð?c 2.54MM 1x40P Cong Ð?ng"; VariantName = "[No Variations]"
Added Pin To Net: NetName=+3V3 Pin=JP?-1
Added Pin To Net: NetName=GND Pin=JP?-2
Added Pin To Net: NetName=NetJP?_3 Pin=JP?-3
Added Pin To Net: NetName=NetJP?_3 Pin=U3-58
Added Net: Name=NetJP?_3
Added Pin To Net: NetName=NetJP?_4 Pin=JP?-4
Added Pin To Net: NetName=NetJP?_4 Pin=U3-59
Added Net: Name=NetJP?_4
Added Pin To Net: NetName=NetJP?_5 Pin=JP?-5
Added Pin To Net: NetName=NetJP?_5 Pin=U3-17
Added Net: Name=NetJP?_5
Added Pin To Net: NetName=NetJP?_6 Pin=JP?-6
Added Pin To Net: NetName=NetJP?_6 Pin=U3-16
Added Net: Name=NetJP?_6
Added Member To Class: ClassName=[05] - POWER_SUPPY Member=Component C7 47uF
Added Member To Class: ClassName=[05] - POWER_SUPPY Member=Component C8 47uF
Added Member To Class: ClassName=[06] - STM Member=Component JP? JP 1x6 2.54
